2011/09/23 09:56:22 [error] [exception.CException] exception 'CException' with message 'Object configuration must be an array containing a "class" element.' in D:\google_code\framework\YiiBase.php:198
Stack trace:
#0 D:\google_code\or-zero\web_root\protected\components\OZMysqlite.php(44): YiiBase::createComponent(NULL)
#1 D:\google_code\or-zero\web_root\protected\components\OZMysqlite.php(34): OZMysqlite->getDb()
#2 D:\google_code\framework\db\ar\CActiveRecord.php(2288): OZMysqlite->getDbConnection()
#3 D:\google_code\framework\db\ar\CActiveRecord.php(372): CActiveRecordMetaData->__construct(Object(OZMysqlite))
#4 D:\google_code\framework\db\ar\CActiveRecord.php(387): CActiveRecord::model('OZMysqlite')
#5 D:\google_code\framework\db\ar\CActiveRecord.php(62): CActiveRecord->getMetaData()
#6 D:\google_code\or-zero\web_root\protected\controllers\SiteController.php(25): CActiveRecord->__construct()
#7 D:\google_code\framework\web\actions\CInlineAction.php(50): SiteController->actionTest()
#8 D:\google_code\framework\web\CController.php(300): CInlineAction->runWithParams(Array)
#9 D:\google_code\framework\web\CController.php(278): CController->runAction(Object(CInlineAction))
#10 D:\google_code\framework\web\CController.php(257): CController->runActionWithFilters(Object(CInlineAction), Array)
#11 D:\google_code\framework\web\CWebApplication.php(277): CController->run('test')
#12 D:\google_code\framework\web\CWebApplication.php(136): CWebApplication->runController('site/test')
#13 D:\google_code\framework\base\CApplication.php(158): CWebApplication->processRequest()
#14 D:\google_code\or-zero\web_root\index.php(13): CApplication->run()
#15 {main} REQUEST_URI=/index.php?r=site/test
2011/09/23 09:56:55 [error] [exception.CException] exception 'CException' with message 'Object configuration must be an array containing a "class" element.' in D:\google_code\framework\YiiBase.php:198
Stack trace:
#0 D:\google_code\or-zero\web_root\protected\components\OZMysqlite.php(44): YiiBase::createComponent(NULL)
#1 D:\google_code\or-zero\web_root\protected\components\OZMysqlite.php(34): OZMysqlite->getDb()
#2 D:\google_code\framework\db\ar\CActiveRecord.php(2288): OZMysqlite->getDbConnection()
#3 D:\google_code\framework\db\ar\CActiveRecord.php(372): CActiveRecordMetaData->__construct(Object(OZMysqlite))
#4 D:\google_code\framework\db\ar\CActiveRecord.php(387): CActiveRecord::model('OZMysqlite')
#5 D:\google_code\framework\db\ar\CActiveRecord.php(62): CActiveRecord->getMetaData()
#6 D:\google_code\or-zero\web_root\protected\controllers\SiteController.php(25): CActiveRecord->__construct()
#7 D:\google_code\framework\web\actions\CInlineAction.php(50): SiteController->actionTest()
#8 D:\google_code\framework\web\CController.php(300): CInlineAction->runWithParams(Array)
#9 D:\google_code\framework\web\CController.php(278): CController->runAction(Object(CInlineAction))
#10 D:\google_code\framework\web\CController.php(257): CController->runActionWithFilters(Object(CInlineAction), Array)
#11 D:\google_code\framework\web\CWebApplication.php(277): CController->run('test')
#12 D:\google_code\framework\web\CWebApplication.php(136): CWebApplication->runController('site/test')
#13 D:\google_code\framework\base\CApplication.php(158): CWebApplication->processRequest()
#14 D:\google_code\or-zero\web_root\index.php(13): CApplication->run()
#15 {main} REQUEST_URI=/index.php?r=site/test
2011/09/23 09:57:15 [error] [exception.CException] exception 'CException' with message 'Object configuration must be an array containing a "class" element.' in D:\google_code\framework\YiiBase.php:198
Stack trace:
#0 D:\google_code\or-zero\web_root\protected\components\OZMysqlite.php(44): YiiBase::createComponent(NULL)
#1 D:\google_code\or-zero\web_root\protected\components\OZMysqlite.php(34): OZMysqlite->getDb()
#2 D:\google_code\framework\db\ar\CActiveRecord.php(2288): OZMysqlite->getDbConnection()
#3 D:\google_code\framework\db\ar\CActiveRecord.php(372): CActiveRecordMetaData->__construct(Object(OZMysqlite))
#4 D:\google_code\framework\db\ar\CActiveRecord.php(387): CActiveRecord::model('OZMysqlite')
#5 D:\google_code\framework\db\ar\CActiveRecord.php(62): CActiveRecord->getMetaData()
#6 D:\google_code\or-zero\web_root\protected\controllers\SiteController.php(25): CActiveRecord->__construct()
#7 D:\google_code\framework\web\actions\CInlineAction.php(50): SiteController->actionTest()
#8 D:\google_code\framework\web\CController.php(300): CInlineAction->runWithParams(Array)
#9 D:\google_code\framework\web\CController.php(278): CController->runAction(Object(CInlineAction))
#10 D:\google_code\framework\web\CController.php(257): CController->runActionWithFilters(Object(CInlineAction), Array)
#11 D:\google_code\framework\web\CWebApplication.php(277): CController->run('test')
#12 D:\google_code\framework\web\CWebApplication.php(136): CWebApplication->runController('site/test')
#13 D:\google_code\framework\base\CApplication.php(158): CWebApplication->processRequest()
#14 D:\google_code\or-zero\web_root\index.php(13): CApplication->run()
#15 {main} REQUEST_URI=/index.php?r=site/test
2011/09/23 09:57:18 [error] [exception.CException] exception 'CException' with message 'Object configuration must be an array containing a "class" element.' in D:\google_code\framework\YiiBase.php:198
Stack trace:
#0 D:\google_code\or-zero\web_root\protected\components\OZMysqlite.php(44): YiiBase::createComponent(NULL)
#1 D:\google_code\or-zero\web_root\protected\components\OZMysqlite.php(34): OZMysqlite->getDb()
#2 D:\google_code\framework\db\ar\CActiveRecord.php(2288): OZMysqlite->getDbConnection()
#3 D:\google_code\framework\db\ar\CActiveRecord.php(372): CActiveRecordMetaData->__construct(Object(OZMysqlite))
#4 D:\google_code\framework\db\ar\CActiveRecord.php(387): CActiveRecord::model('OZMysqlite')
#5 D:\google_code\framework\db\ar\CActiveRecord.php(62): CActiveRecord->getMetaData()
#6 D:\google_code\or-zero\web_root\protected\controllers\SiteController.php(25): CActiveRecord->__construct()
#7 D:\google_code\framework\web\actions\CInlineAction.php(50): SiteController->actionTest()
#8 D:\google_code\framework\web\CController.php(300): CInlineAction->runWithParams(Array)
#9 D:\google_code\framework\web\CController.php(278): CController->runAction(Object(CInlineAction))
#10 D:\google_code\framework\web\CController.php(257): CController->runActionWithFilters(Object(CInlineAction), Array)
#11 D:\google_code\framework\web\CWebApplication.php(277): CController->run('test')
#12 D:\google_code\framework\web\CWebApplication.php(136): CWebApplication->runController('site/test')
#13 D:\google_code\framework\base\CApplication.php(158): CWebApplication->processRequest()
#14 D:\google_code\or-zero\web_root\index.php(13): CApplication->run()
#15 {main} REQUEST_URI=/index.php?r=site/test
2011/09/23 10:00:23 [error] [exception.CException] exception 'CException' with message 'Object configuration must be an array containing a "class" element.' in D:\google_code\framework\YiiBase.php:198
Stack trace:
#0 D:\google_code\or-zero\web_root\protected\components\OZMysqlite.php(45): YiiBase::createComponent(NULL)
#1 D:\google_code\or-zero\web_root\protected\components\OZMysqlite.php(34): OZMysqlite->getDb()
#2 D:\google_code\framework\db\ar\CActiveRecord.php(2288): OZMysqlite->getDbConnection()
#3 D:\google_code\framework\db\ar\CActiveRecord.php(372): CActiveRecordMetaData->__construct(Object(OZMysqlite))
#4 D:\google_code\framework\db\ar\CActiveRecord.php(387): CActiveRecord::model('OZMysqlite')
#5 D:\google_code\framework\db\ar\CActiveRecord.php(62): CActiveRecord->getMetaData()
#6 D:\google_code\or-zero\web_root\protected\controllers\SiteController.php(25): CActiveRecord->__construct()
#7 D:\google_code\framework\web\actions\CInlineAction.php(50): SiteController->actionTest()
#8 D:\google_code\framework\web\CController.php(300): CInlineAction->runWithParams(Array)
#9 D:\google_code\framework\web\CController.php(278): CController->runAction(Object(CInlineAction))
#10 D:\google_code\framework\web\CController.php(257): CController->runActionWithFilters(Object(CInlineAction), Array)
#11 D:\google_code\framework\web\CWebApplication.php(277): CController->run('test')
#12 D:\google_code\framework\web\CWebApplication.php(136): CWebApplication->runController('site/test')
#13 D:\google_code\framework\base\CApplication.php(158): CWebApplication->processRequest()
#14 D:\google_code\or-zero\web_root\index.php(13): CApplication->run()
#15 {main} REQUEST_URI=/index.php?r=site/test
2011/09/23 10:00:27 [error] [exception.CException] exception 'CException' with message 'Object configuration must be an array containing a "class" element.' in D:\google_code\framework\YiiBase.php:198
Stack trace:
#0 D:\google_code\or-zero\web_root\protected\components\OZMysqlite.php(45): YiiBase::createComponent(NULL)
#1 D:\google_code\or-zero\web_root\protected\components\OZMysqlite.php(34): OZMysqlite->getDb()
#2 D:\google_code\framework\db\ar\CActiveRecord.php(2288): OZMysqlite->getDbConnection()
#3 D:\google_code\framework\db\ar\CActiveRecord.php(372): CActiveRecordMetaData->__construct(Object(OZMysqlite))
#4 D:\google_code\framework\db\ar\CActiveRecord.php(387): CActiveRecord::model('OZMysqlite')
#5 D:\google_code\framework\db\ar\CActiveRecord.php(62): CActiveRecord->getMetaData()
#6 D:\google_code\or-zero\web_root\protected\controllers\SiteController.php(25): CActiveRecord->__construct()
#7 D:\google_code\framework\web\actions\CInlineAction.php(50): SiteController->actionTest()
#8 D:\google_code\framework\web\CController.php(300): CInlineAction->runWithParams(Array)
#9 D:\google_code\framework\web\CController.php(278): CController->runAction(Object(CInlineAction))
#10 D:\google_code\framework\web\CController.php(257): CController->runActionWithFilters(Object(CInlineAction), Array)
#11 D:\google_code\framework\web\CWebApplication.php(277): CController->run('test')
#12 D:\google_code\framework\web\CWebApplication.php(136): CWebApplication->runController('site/test')
#13 D:\google_code\framework\base\CApplication.php(158): CWebApplication->processRequest()
#14 D:\google_code\or-zero\web_root\index.php(13): CApplication->run()
#15 {main} REQUEST_URI=/index.php?r=site/test
2011/09/23 10:07:31 [error] [exception.CException] exception 'CException' with message 'Object configuration must be an array containing a "class" element.' in D:\google_code\framework\YiiBase.php:198
Stack trace:
#0 D:\google_code\or-zero\web_root\protected\components\OZMysqlite.php(45): YiiBase::createComponent(NULL)
#1 D:\google_code\or-zero\web_root\protected\components\OZMysqlite.php(34): OZMysqlite->getDb()
#2 D:\google_code\framework\db\ar\CActiveRecord.php(2288): OZMysqlite->getDbConnection()
#3 D:\google_code\framework\db\ar\CActiveRecord.php(372): CActiveRecordMetaData->__construct(Object(OZMysqlite))
#4 D:\google_code\framework\db\ar\CActiveRecord.php(387): CActiveRecord::model('OZMysqlite')
#5 D:\google_code\framework\db\ar\CActiveRecord.php(62): CActiveRecord->getMetaData()
#6 D:\google_code\or-zero\web_root\protected\controllers\SiteController.php(25): CActiveRecord->__construct()
#7 D:\google_code\framework\web\actions\CInlineAction.php(50): SiteController->actionTest()
#8 D:\google_code\framework\web\CController.php(300): CInlineAction->runWithParams(Array)
#9 D:\google_code\framework\web\CController.php(278): CController->runAction(Object(CInlineAction))
#10 D:\google_code\framework\web\CController.php(257): CController->runActionWithFilters(Object(CInlineAction), Array)
#11 D:\google_code\framework\web\CWebApplication.php(277): CController->run('test')
#12 D:\google_code\framework\web\CWebApplication.php(136): CWebApplication->runController('site/test')
#13 D:\google_code\framework\base\CApplication.php(158): CWebApplication->processRequest()
#14 D:\google_code\or-zero\web_root\index.php(13): CApplication->run()
#15 {main} REQUEST_URI=/index.php?r=site/test
2011/09/23 10:07:33 [error] [exception.CException] exception 'CException' with message 'Object configuration must be an array containing a "class" element.' in D:\google_code\framework\YiiBase.php:198
Stack trace:
#0 D:\google_code\or-zero\web_root\protected\components\OZMysqlite.php(45): YiiBase::createComponent(NULL)
#1 D:\google_code\or-zero\web_root\protected\components\OZMysqlite.php(34): OZMysqlite->getDb()
#2 D:\google_code\framework\db\ar\CActiveRecord.php(2288): OZMysqlite->getDbConnection()
#3 D:\google_code\framework\db\ar\CActiveRecord.php(372): CActiveRecordMetaData->__construct(Object(OZMysqlite))
#4 D:\google_code\framework\db\ar\CActiveRecord.php(387): CActiveRecord::model('OZMysqlite')
#5 D:\google_code\framework\db\ar\CActiveRecord.php(62): CActiveRecord->getMetaData()
#6 D:\google_code\or-zero\web_root\protected\controllers\SiteController.php(25): CActiveRecord->__construct()
#7 D:\google_code\framework\web\actions\CInlineAction.php(50): SiteController->actionTest()
#8 D:\google_code\framework\web\CController.php(300): CInlineAction->runWithParams(Array)
#9 D:\google_code\framework\web\CController.php(278): CController->runAction(Object(CInlineAction))
#10 D:\google_code\framework\web\CController.php(257): CController->runActionWithFilters(Object(CInlineAction), Array)
#11 D:\google_code\framework\web\CWebApplication.php(277): CController->run('test')
#12 D:\google_code\framework\web\CWebApplication.php(136): CWebApplication->runController('site/test')
#13 D:\google_code\framework\base\CApplication.php(158): CWebApplication->processRequest()
#14 D:\google_code\or-zero\web_root\index.php(13): CApplication->run()
#15 {main} REQUEST_URI=/index.php?r=site/test
2011/09/23 10:07:34 [error] [exception.CException] exception 'CException' with message 'Object configuration must be an array containing a "class" element.' in D:\google_code\framework\YiiBase.php:198
Stack trace:
#0 D:\google_code\or-zero\web_root\protected\components\OZMysqlite.php(45): YiiBase::createComponent(NULL)
#1 D:\google_code\or-zero\web_root\protected\components\OZMysqlite.php(34): OZMysqlite->getDb()
#2 D:\google_code\framework\db\ar\CActiveRecord.php(2288): OZMysqlite->getDbConnection()
#3 D:\google_code\framework\db\ar\CActiveRecord.php(372): CActiveRecordMetaData->__construct(Object(OZMysqlite))
#4 D:\google_code\framework\db\ar\CActiveRecord.php(387): CActiveRecord::model('OZMysqlite')
#5 D:\google_code\framework\db\ar\CActiveRecord.php(62): CActiveRecord->getMetaData()
#6 D:\google_code\or-zero\web_root\protected\controllers\SiteController.php(25): CActiveRecord->__construct()
#7 D:\google_code\framework\web\actions\CInlineAction.php(50): SiteController->actionTest()
#8 D:\google_code\framework\web\CController.php(300): CInlineAction->runWithParams(Array)
#9 D:\google_code\framework\web\CController.php(278): CController->runAction(Object(CInlineAction))
#10 D:\google_code\framework\web\CController.php(257): CController->runActionWithFilters(Object(CInlineAction), Array)
#11 D:\google_code\framework\web\CWebApplication.php(277): CController->run('test')
#12 D:\google_code\framework\web\CWebApplication.php(136): CWebApplication->runController('site/test')
#13 D:\google_code\framework\base\CApplication.php(158): CWebApplication->processRequest()
#14 D:\google_code\or-zero\web_root\index.php(13): CApplication->run()
#15 {main} REQUEST_URI=/index.php?r=site/test
2011/09/23 10:07:34 [error] [exception.CException] exception 'CException' with message 'Object configuration must be an array containing a "class" element.' in D:\google_code\framework\YiiBase.php:198
Stack trace:
#0 D:\google_code\or-zero\web_root\protected\components\OZMysqlite.php(45): YiiBase::createComponent(NULL)
#1 D:\google_code\or-zero\web_root\protected\components\OZMysqlite.php(34): OZMysqlite->getDb()
#2 D:\google_code\framework\db\ar\CActiveRecord.php(2288): OZMysqlite->getDbConnection()
#3 D:\google_code\framework\db\ar\CActiveRecord.php(372): CActiveRecordMetaData->__construct(Object(OZMysqlite))
#4 D:\google_code\framework\db\ar\CActiveRecord.php(387): CActiveRecord::model('OZMysqlite')
#5 D:\google_code\framework\db\ar\CActiveRecord.php(62): CActiveRecord->getMetaData()
#6 D:\google_code\or-zero\web_root\protected\controllers\SiteController.php(25): CActiveRecord->__construct()
#7 D:\google_code\framework\web\actions\CInlineAction.php(50): SiteController->actionTest()
#8 D:\google_code\framework\web\CController.php(300): CInlineAction->runWithParams(Array)
#9 D:\google_code\framework\web\CController.php(278): CController->runAction(Object(CInlineAction))
#10 D:\google_code\framework\web\CController.php(257): CController->runActionWithFilters(Object(CInlineAction), Array)
#11 D:\google_code\framework\web\CWebApplication.php(277): CController->run('test')
#12 D:\google_code\framework\web\CWebApplication.php(136): CWebApplication->runController('site/test')
#13 D:\google_code\framework\base\CApplication.php(158): CWebApplication->processRequest()
#14 D:\google_code\or-zero\web_root\index.php(13): CApplication->run()
#15 {main} REQUEST_URI=/index.php?r=site/test
2011/09/23 10:08:45 [error] [exception.CException] exception 'CException' with message 'Property "OZMysqlite.config" is not defined.' in D:\google_code\framework\base\CComponent.php:131
Stack trace:
#0 D:\google_code\framework\db\ar\CActiveRecord.php(129): CComponent->__get('config')
#1 D:\google_code\or-zero\web_root\protected\components\OZMysqlite.php(44): CActiveRecord->__get('config')
#2 D:\google_code\or-zero\web_root\protected\components\OZMysqlite.php(34): OZMysqlite->getDb()
#3 D:\google_code\framework\db\ar\CActiveRecord.php(2288): OZMysqlite->getDbConnection()
#4 D:\google_code\framework\db\ar\CActiveRecord.php(372): CActiveRecordMetaData->__construct(Object(OZMysqlite))
#5 D:\google_code\framework\db\ar\CActiveRecord.php(387): CActiveRecord::model('OZMysqlite')
#6 D:\google_code\framework\db\ar\CActiveRecord.php(62): CActiveRecord->getMetaData()
#7 D:\google_code\or-zero\web_root\protected\controllers\SiteController.php(25): CActiveRecord->__construct()
#8 D:\google_code\framework\web\actions\CInlineAction.php(50): SiteController->actionTest()
#9 D:\google_code\framework\web\CController.php(300): CInlineAction->runWithParams(Array)
#10 D:\google_code\framework\web\CController.php(278): CController->runAction(Object(CInlineAction))
#11 D:\google_code\framework\web\CController.php(257): CController->runActionWithFilters(Object(CInlineAction), Array)
#12 D:\google_code\framework\web\CWebApplication.php(277): CController->run('test')
#13 D:\google_code\framework\web\CWebApplication.php(136): CWebApplication->runController('site/test')
#14 D:\google_code\framework\base\CApplication.php(158): CWebApplication->processRequest()
#15 D:\google_code\or-zero\web_root\index.php(13): CApplication->run()
#16 {main} REQUEST_URI=/index.php?r=site/test
2011/09/23 10:15:51 [error] [exception.CException] exception 'CException' with message 'Object configuration must be an array containing a "class" element.' in D:\google_code\framework\YiiBase.php:198
Stack trace:
#0 D:\google_code\or-zero\web_root\protected\components\OZMysqlite.php(45): YiiBase::createComponent(NULL)
#1 D:\google_code\or-zero\web_root\protected\components\OZMysqlite.php(34): OZMysqlite->getDb()
#2 D:\google_code\framework\db\ar\CActiveRecord.php(2288): OZMysqlite->getDbConnection()
#3 D:\google_code\framework\db\ar\CActiveRecord.php(372): CActiveRecordMetaData->__construct(Object(OZMysqlite))
#4 D:\google_code\framework\db\ar\CActiveRecord.php(387): CActiveRecord::model('OZMysqlite')
#5 D:\google_code\framework\db\ar\CActiveRecord.php(62): CActiveRecord->getMetaData()
#6 D:\google_code\or-zero\web_root\protected\controllers\SiteController.php(25): CActiveRecord->__construct()
#7 D:\google_code\framework\web\actions\CInlineAction.php(50): SiteController->actionTest()
#8 D:\google_code\framework\web\CController.php(300): CInlineAction->runWithParams(Array)
#9 D:\google_code\framework\web\CController.php(278): CController->runAction(Object(CInlineAction))
#10 D:\google_code\framework\web\CController.php(257): CController->runActionWithFilters(Object(CInlineAction), Array)
#11 D:\google_code\framework\web\CWebApplication.php(277): CController->run('test')
#12 D:\google_code\framework\web\CWebApplication.php(136): CWebApplication->runController('site/test')
#13 D:\google_code\framework\base\CApplication.php(158): CWebApplication->processRequest()
#14 D:\google_code\or-zero\web_root\index.php(13): CApplication->run()
#15 {main} REQUEST_URI=/index.php?r=site/test
2011/09/23 10:16:13 [error] [exception.CException] exception 'CException' with message 'Object configuration must be an array containing a "class" element.' in D:\google_code\framework\YiiBase.php:198
Stack trace:
#0 D:\google_code\or-zero\web_root\protected\components\OZMysqlite.php(45): YiiBase::createComponent(NULL)
#1 D:\google_code\or-zero\web_root\protected\components\OZMysqlite.php(34): OZMysqlite->getDb()
#2 D:\google_code\framework\db\ar\CActiveRecord.php(2288): OZMysqlite->getDbConnection()
#3 D:\google_code\framework\db\ar\CActiveRecord.php(372): CActiveRecordMetaData->__construct(Object(OZMysqlite))
#4 D:\google_code\framework\db\ar\CActiveRecord.php(387): CActiveRecord::model('OZMysqlite')
#5 D:\google_code\framework\db\ar\CActiveRecord.php(62): CActiveRecord->getMetaData()
#6 D:\google_code\or-zero\web_root\protected\controllers\SiteController.php(25): CActiveRecord->__construct()
#7 D:\google_code\framework\web\actions\CInlineAction.php(50): SiteController->actionTest()
#8 D:\google_code\framework\web\CController.php(300): CInlineAction->runWithParams(Array)
#9 D:\google_code\framework\web\CController.php(278): CController->runAction(Object(CInlineAction))
#10 D:\google_code\framework\web\CController.php(257): CController->runActionWithFilters(Object(CInlineAction), Array)
#11 D:\google_code\framework\web\CWebApplication.php(277): CController->run('test')
#12 D:\google_code\framework\web\CWebApplication.php(136): CWebApplication->runController('site/test')
#13 D:\google_code\framework\base\CApplication.php(158): CWebApplication->processRequest()
#14 D:\google_code\or-zero\web_root\index.php(13): CApplication->run()
#15 {main} REQUEST_URI=/index.php?r=site/test
2011/09/23 10:16:14 [error] [exception.CException] exception 'CException' with message 'Object configuration must be an array containing a "class" element.' in D:\google_code\framework\YiiBase.php:198
Stack trace:
#0 D:\google_code\or-zero\web_root\protected\components\OZMysqlite.php(45): YiiBase::createComponent(NULL)
#1 D:\google_code\or-zero\web_root\protected\components\OZMysqlite.php(34): OZMysqlite->getDb()
#2 D:\google_code\framework\db\ar\CActiveRecord.php(2288): OZMysqlite->getDbConnection()
#3 D:\google_code\framework\db\ar\CActiveRecord.php(372): CActiveRecordMetaData->__construct(Object(OZMysqlite))
#4 D:\google_code\framework\db\ar\CActiveRecord.php(387): CActiveRecord::model('OZMysqlite')
#5 D:\google_code\framework\db\ar\CActiveRecord.php(62): CActiveRecord->getMetaData()
#6 D:\google_code\or-zero\web_root\protected\controllers\SiteController.php(25): CActiveRecord->__construct()
#7 D:\google_code\framework\web\actions\CInlineAction.php(50): SiteController->actionTest()
#8 D:\google_code\framework\web\CController.php(300): CInlineAction->runWithParams(Array)
#9 D:\google_code\framework\web\CController.php(278): CController->runAction(Object(CInlineAction))
#10 D:\google_code\framework\web\CController.php(257): CController->runActionWithFilters(Object(CInlineAction), Array)
#11 D:\google_code\framework\web\CWebApplication.php(277): CController->run('test')
#12 D:\google_code\framework\web\CWebApplication.php(136): CWebApplication->runController('site/test')
#13 D:\google_code\framework\base\CApplication.php(158): CWebApplication->processRequest()
#14 D:\google_code\or-zero\web_root\index.php(13): CApplication->run()
#15 {main} REQUEST_URI=/index.php?r=site/test
2011/09/23 10:16:14 [error] [exception.CException] exception 'CException' with message 'Object configuration must be an array containing a "class" element.' in D:\google_code\framework\YiiBase.php:198
Stack trace:
#0 D:\google_code\or-zero\web_root\protected\components\OZMysqlite.php(45): YiiBase::createComponent(NULL)
#1 D:\google_code\or-zero\web_root\protected\components\OZMysqlite.php(34): OZMysqlite->getDb()
#2 D:\google_code\framework\db\ar\CActiveRecord.php(2288): OZMysqlite->getDbConnection()
#3 D:\google_code\framework\db\ar\CActiveRecord.php(372): CActiveRecordMetaData->__construct(Object(OZMysqlite))
#4 D:\google_code\framework\db\ar\CActiveRecord.php(387): CActiveRecord::model('OZMysqlite')
#5 D:\google_code\framework\db\ar\CActiveRecord.php(62): CActiveRecord->getMetaData()
#6 D:\google_code\or-zero\web_root\protected\controllers\SiteController.php(25): CActiveRecord->__construct()
#7 D:\google_code\framework\web\actions\CInlineAction.php(50): SiteController->actionTest()
#8 D:\google_code\framework\web\CController.php(300): CInlineAction->runWithParams(Array)
#9 D:\google_code\framework\web\CController.php(278): CController->runAction(Object(CInlineAction))
#10 D:\google_code\framework\web\CController.php(257): CController->runActionWithFilters(Object(CInlineAction), Array)
#11 D:\google_code\framework\web\CWebApplication.php(277): CController->run('test')
#12 D:\google_code\framework\web\CWebApplication.php(136): CWebApplication->runController('site/test')
#13 D:\google_code\framework\base\CApplication.php(158): CWebApplication->processRequest()
#14 D:\google_code\or-zero\web_root\index.php(13): CApplication->run()
#15 {main} REQUEST_URI=/index.php?r=site/test
2011/09/23 10:16:21 [error] [exception.CException] exception 'CException' with message 'Object configuration must be an array containing a "class" element.' in D:\google_code\framework\YiiBase.php:198
Stack trace:
#0 D:\google_code\or-zero\web_root\protected\components\OZMysqlite.php(45): YiiBase::createComponent(NULL)
#1 D:\google_code\or-zero\web_root\protected\components\OZMysqlite.php(34): OZMysqlite->getDb()
#2 D:\google_code\framework\db\ar\CActiveRecord.php(2288): OZMysqlite->getDbConnection()
#3 D:\google_code\framework\db\ar\CActiveRecord.php(372): CActiveRecordMetaData->__construct(Object(OZMysqlite))
#4 D:\google_code\framework\db\ar\CActiveRecord.php(387): CActiveRecord::model('OZMysqlite')
#5 D:\google_code\framework\db\ar\CActiveRecord.php(62): CActiveRecord->getMetaData()
#6 D:\google_code\or-zero\web_root\protected\controllers\SiteController.php(25): CActiveRecord->__construct()
#7 D:\google_code\framework\web\actions\CInlineAction.php(50): SiteController->actionTest()
#8 D:\google_code\framework\web\CController.php(300): CInlineAction->runWithParams(Array)
#9 D:\google_code\framework\web\CController.php(278): CController->runAction(Object(CInlineAction))
#10 D:\google_code\framework\web\CController.php(257): CController->runActionWithFilters(Object(CInlineAction), Array)
#11 D:\google_code\framework\web\CWebApplication.php(277): CController->run('test')
#12 D:\google_code\framework\web\CWebApplication.php(136): CWebApplication->runController('site/test')
#13 D:\google_code\framework\base\CApplication.php(158): CWebApplication->processRequest()
#14 D:\google_code\or-zero\web_root\index.php(13): CApplication->run()
#15 {main} REQUEST_URI=/index.php?r=site/test
2011/09/23 10:16:52 [error] [exception.CException] exception 'CException' with message 'Object configuration must be an array containing a "class" element.' in D:\google_code\framework\YiiBase.php:198
Stack trace:
#0 D:\google_code\or-zero\web_root\protected\components\OZMysqlite.php(45): YiiBase::createComponent(NULL)
#1 D:\google_code\or-zero\web_root\protected\components\OZMysqlite.php(34): OZMysqlite->getDb()
#2 D:\google_code\framework\db\ar\CActiveRecord.php(2288): OZMysqlite->getDbConnection()
#3 D:\google_code\framework\db\ar\CActiveRecord.php(372): CActiveRecordMetaData->__construct(Object(OZMysqlite))
#4 D:\google_code\framework\db\ar\CActiveRecord.php(387): CActiveRecord::model('OZMysqlite')
#5 D:\google_code\framework\db\ar\CActiveRecord.php(62): CActiveRecord->getMetaData()
#6 D:\google_code\or-zero\web_root\protected\controllers\SiteController.php(25): CActiveRecord->__construct()
#7 D:\google_code\framework\web\actions\CInlineAction.php(50): SiteController->actionTest()
#8 D:\google_code\framework\web\CController.php(300): CInlineAction->runWithParams(Array)
#9 D:\google_code\framework\web\CController.php(278): CController->runAction(Object(CInlineAction))
#10 D:\google_code\framework\web\CController.php(257): CController->runActionWithFilters(Object(CInlineAction), Array)
#11 D:\google_code\framework\web\CWebApplication.php(277): CController->run('test')
#12 D:\google_code\framework\web\CWebApplication.php(136): CWebApplication->runController('site/test')
#13 D:\google_code\framework\base\CApplication.php(158): CWebApplication->processRequest()
#14 D:\google_code\or-zero\web_root\index.php(13): CApplication->run()
#15 {main} REQUEST_URI=/index.php?r=site/test
2011/09/23 10:16:54 [error] [exception.CException] exception 'CException' with message 'Object configuration must be an array containing a "class" element.' in D:\google_code\framework\YiiBase.php:198
Stack trace:
#0 D:\google_code\or-zero\web_root\protected\components\OZMysqlite.php(45): YiiBase::createComponent(NULL)
#1 D:\google_code\or-zero\web_root\protected\components\OZMysqlite.php(34): OZMysqlite->getDb()
#2 D:\google_code\framework\db\ar\CActiveRecord.php(2288): OZMysqlite->getDbConnection()
#3 D:\google_code\framework\db\ar\CActiveRecord.php(372): CActiveRecordMetaData->__construct(Object(OZMysqlite))
#4 D:\google_code\framework\db\ar\CActiveRecord.php(387): CActiveRecord::model('OZMysqlite')
#5 D:\google_code\framework\db\ar\CActiveRecord.php(62): CActiveRecord->getMetaData()
#6 D:\google_code\or-zero\web_root\protected\controllers\SiteController.php(25): CActiveRecord->__construct()
#7 D:\google_code\framework\web\actions\CInlineAction.php(50): SiteController->actionTest()
#8 D:\google_code\framework\web\CController.php(300): CInlineAction->runWithParams(Array)
#9 D:\google_code\framework\web\CController.php(278): CController->runAction(Object(CInlineAction))
#10 D:\google_code\framework\web\CController.php(257): CController->runActionWithFilters(Object(CInlineAction), Array)
#11 D:\google_code\framework\web\CWebApplication.php(277): CController->run('test')
#12 D:\google_code\framework\web\CWebApplication.php(136): CWebApplication->runController('site/test')
#13 D:\google_code\framework\base\CApplication.php(158): CWebApplication->processRequest()
#14 D:\google_code\or-zero\web_root\index.php(13): CApplication->run()
#15 {main} REQUEST_URI=/index.php?r=site/test
2011/09/23 10:20:34 [error] [php] Missing argument 1 for YiiBase::createComponent(), called in D:\google_code\or-zero\web_root\protected\components\OZMysqlite.php on line 45 and defined (D:\google_code\framework\YiiBase.php:185)
Stack trace:
#0 D:\google_code\framework\db\ar\CActiveRecord.php(2288): OZMysqlite->getDbConnection()
#1 D:\google_code\framework\db\ar\CActiveRecord.php(372): CActiveRecordMetaData->__construct()
#2 D:\google_code\framework\db\ar\CActiveRecord.php(387): model()
#3 D:\google_code\framework\db\ar\CActiveRecord.php(62): OZMysqlite->getMetaData()
#4 D:\google_code\or-zero\web_root\protected\controllers\SiteController.php(25): OZMysqlite->__construct()
#5 D:\google_code\framework\web\actions\CInlineAction.php(50): SiteController->actionTest()
#6 D:\google_code\framework\web\CController.php(300): CInlineAction->runWithParams()
#7 D:\google_code\framework\web\CController.php(278): SiteController->runAction()
#8 D:\google_code\framework\web\CController.php(257): SiteController->runActionWithFilters()
#9 D:\google_code\framework\web\CWebApplication.php(277): SiteController->run()
#10 D:\google_code\framework\web\CWebApplication.php(136): CWebApplication->runController()
#11 D:\google_code\framework\base\CApplication.php(158): CWebApplication->processRequest()
#12 D:\google_code\or-zero\web_root\index.php(13): CWebApplication->run()
REQUEST_URI=/index.php?r=site/test
in D:\google_code\or-zero\web_root\protected\components\OZMysqlite.php (45)
in D:\google_code\or-zero\web_root\protected\components\OZMysqlite.php (34)
in D:\google_code\or-zero\web_root\protected\controllers\SiteController.php (25)
2011/09/23 10:20:37 [error] [php] Missing argument 1 for YiiBase::createComponent(), called in D:\google_code\or-zero\web_root\protected\components\OZMysqlite.php on line 45 and defined (D:\google_code\framework\YiiBase.php:185)
Stack trace:
#0 D:\google_code\framework\db\ar\CActiveRecord.php(2288): OZMysqlite->getDbConnection()
#1 D:\google_code\framework\db\ar\CActiveRecord.php(372): CActiveRecordMetaData->__construct()
#2 D:\google_code\framework\db\ar\CActiveRecord.php(387): model()
#3 D:\google_code\framework\db\ar\CActiveRecord.php(62): OZMysqlite->getMetaData()
#4 D:\google_code\or-zero\web_root\protected\controllers\SiteController.php(25): OZMysqlite->__construct()
#5 D:\google_code\framework\web\actions\CInlineAction.php(50): SiteController->actionTest()
#6 D:\google_code\framework\web\CController.php(300): CInlineAction->runWithParams()
#7 D:\google_code\framework\web\CController.php(278): SiteController->runAction()
#8 D:\google_code\framework\web\CController.php(257): SiteController->runActionWithFilters()
#9 D:\google_code\framework\web\CWebApplication.php(277): SiteController->run()
#10 D:\google_code\framework\web\CWebApplication.php(136): CWebApplication->runController()
#11 D:\google_code\framework\base\CApplication.php(158): CWebApplication->processRequest()
#12 D:\google_code\or-zero\web_root\index.php(13): CWebApplication->run()
REQUEST_URI=/index.php?r=site/test
in D:\google_code\or-zero\web_root\protected\components\OZMysqlite.php (45)
in D:\google_code\or-zero\web_root\protected\components\OZMysqlite.php (34)
in D:\google_code\or-zero\web_root\protected\controllers\SiteController.php (25)
2011/09/23 10:28:44 [error] [php] Missing argument 1 for YiiBase::createComponent(), called in D:\google_code\or-zero\web_root\protected\components\OZMysqlite.php on line 45 and defined (D:\google_code\framework\YiiBase.php:185)
Stack trace:
#0 D:\google_code\framework\db\ar\CActiveRecord.php(2288): OZMysqlite->getDbConnection()
#1 D:\google_code\framework\db\ar\CActiveRecord.php(372): CActiveRecordMetaData->__construct()
#2 D:\google_code\framework\db\ar\CActiveRecord.php(387): model()
#3 D:\google_code\framework\db\ar\CActiveRecord.php(62): OZMysqlite->getMetaData()
#4 D:\google_code\or-zero\web_root\protected\controllers\SiteController.php(25): OZMysqlite->__construct()
#5 D:\google_code\framework\web\actions\CInlineAction.php(50): SiteController->actionTest()
#6 D:\google_code\framework\web\CController.php(300): CInlineAction->runWithParams()
#7 D:\google_code\framework\web\CController.php(278): SiteController->runAction()
#8 D:\google_code\framework\web\CController.php(257): SiteController->runActionWithFilters()
#9 D:\google_code\framework\web\CWebApplication.php(277): SiteController->run()
#10 D:\google_code\framework\web\CWebApplication.php(136): CWebApplication->runController()
#11 D:\google_code\framework\base\CApplication.php(158): CWebApplication->processRequest()
#12 D:\google_code\or-zero\web_root\index.php(13): CWebApplication->run()
REQUEST_URI=/index.php?r=site/test
in D:\google_code\or-zero\web_root\protected\components\OZMysqlite.php (45)
in D:\google_code\or-zero\web_root\protected\components\OZMysqlite.php (34)
in D:\google_code\or-zero\web_root\protected\controllers\SiteController.php (25)
2011/09/23 10:31:05 [error] [php] Missing argument 1 for YiiBase::createComponent(), called in D:\google_code\or-zero\web_root\protected\components\OZMysqlite.php on line 44 and defined (D:\google_code\framework\YiiBase.php:185)
Stack trace:
#0 D:\google_code\framework\db\ar\CActiveRecord.php(2288): OZMysqlite->getDbConnection()
#1 D:\google_code\framework\db\ar\CActiveRecord.php(372): CActiveRecordMetaData->__construct()
#2 D:\google_code\framework\db\ar\CActiveRecord.php(387): model()
#3 D:\google_code\framework\db\ar\CActiveRecord.php(62): OZMysqlite->getMetaData()
#4 D:\google_code\or-zero\web_root\protected\controllers\SiteController.php(25): OZMysqlite->__construct()
#5 D:\google_code\framework\web\actions\CInlineAction.php(50): SiteController->actionTest()
#6 D:\google_code\framework\web\CController.php(300): CInlineAction->runWithParams()
#7 D:\google_code\framework\web\CController.php(278): SiteController->runAction()
#8 D:\google_code\framework\web\CController.php(257): SiteController->runActionWithFilters()
#9 D:\google_code\framework\web\CWebApplication.php(277): SiteController->run()
#10 D:\google_code\framework\web\CWebApplication.php(136): CWebApplication->runController()
#11 D:\google_code\framework\base\CApplication.php(158): CWebApplication->processRequest()
#12 D:\google_code\or-zero\web_root\index.php(13): CWebApplication->run()
REQUEST_URI=/index.php?r=site/test
in D:\google_code\or-zero\web_root\protected\components\OZMysqlite.php (44)
in D:\google_code\or-zero\web_root\protected\components\OZMysqlite.php (34)
in D:\google_code\or-zero\web_root\protected\controllers\SiteController.php (25)
2011/09/23 10:31:40 [error] [php] Missing argument 1 for YiiBase::createComponent(), called in D:\google_code\or-zero\web_root\protected\components\OZMysqlite.php on line 44 and defined (D:\google_code\framework\YiiBase.php:185)
Stack trace:
#0 D:\google_code\framework\db\ar\CActiveRecord.php(2288): OZMysqlite->getDbConnection()
#1 D:\google_code\framework\db\ar\CActiveRecord.php(372): CActiveRecordMetaData->__construct()
#2 D:\google_code\framework\db\ar\CActiveRecord.php(387): model()
#3 D:\google_code\framework\db\ar\CActiveRecord.php(62): OZMysqlite->getMetaData()
#4 D:\google_code\or-zero\web_root\protected\controllers\SiteController.php(25): OZMysqlite->__construct()
#5 D:\google_code\framework\web\actions\CInlineAction.php(50): SiteController->actionTest()
#6 D:\google_code\framework\web\CController.php(300): CInlineAction->runWithParams()
#7 D:\google_code\framework\web\CController.php(278): SiteController->runAction()
#8 D:\google_code\framework\web\CController.php(257): SiteController->runActionWithFilters()
#9 D:\google_code\framework\web\CWebApplication.php(277): SiteController->run()
#10 D:\google_code\framework\web\CWebApplication.php(136): CWebApplication->runController()
#11 D:\google_code\framework\base\CApplication.php(158): CWebApplication->processRequest()
#12 D:\google_code\or-zero\web_root\index.php(13): CWebApplication->run()
REQUEST_URI=/index.php?r=site/test
in D:\google_code\or-zero\web_root\protected\components\OZMysqlite.php (44)
in D:\google_code\or-zero\web_root\protected\components\OZMysqlite.php (34)
in D:\google_code\or-zero\web_root\protected\controllers\SiteController.php (25)
2011/09/23 10:31:59 [error] [exception.CException] exception 'CException' with message 'Object configuration must be an array containing a "class" element.' in D:\google_code\framework\YiiBase.php:198
Stack trace:
#0 D:\google_code\or-zero\web_root\protected\components\OZMysqlite.php(44): YiiBase::createComponent(NULL)
#1 D:\google_code\or-zero\web_root\protected\components\OZMysqlite.php(34): OZMysqlite->getDb()
#2 D:\google_code\framework\db\ar\CActiveRecord.php(2288): OZMysqlite->getDbConnection()
#3 D:\google_code\framework\db\ar\CActiveRecord.php(372): CActiveRecordMetaData->__construct(Object(OZMysqlite))
#4 D:\google_code\framework\db\ar\CActiveRecord.php(387): CActiveRecord::model('OZMysqlite')
#5 D:\google_code\framework\db\ar\CActiveRecord.php(62): CActiveRecord->getMetaData()
#6 D:\google_code\or-zero\web_root\protected\controllers\SiteController.php(25): CActiveRecord->__construct()
#7 D:\google_code\framework\web\actions\CInlineAction.php(50): SiteController->actionTest()
#8 D:\google_code\framework\web\CController.php(300): CInlineAction->runWithParams(Array)
#9 D:\google_code\framework\web\CController.php(278): CController->runAction(Object(CInlineAction))
#10 D:\google_code\framework\web\CController.php(257): CController->runActionWithFilters(Object(CInlineAction), Array)
#11 D:\google_code\framework\web\CWebApplication.php(277): CController->run('test')
#12 D:\google_code\framework\web\CWebApplication.php(136): CWebApplication->runController('site/test')
#13 D:\google_code\framework\base\CApplication.php(158): CWebApplication->processRequest()
#14 D:\google_code\or-zero\web_root\index.php(13): CApplication->run()
#15 {main} REQUEST_URI=/index.php?r=site/test
2011/09/23 10:32:22 [error] [php] include(xx.php) [<a href='function.include'>function.include</a>]: failed to open stream: No such file or directory (D:\google_code\framework\YiiBase.php:421)
Stack trace:
#0 D:\google_code\framework\YiiBase.php(201): import()
#1 D:\google_code\or-zero\web_root\protected\components\OZMysqlite.php(44): createComponent()
#2 D:\google_code\or-zero\web_root\protected\components\OZMysqlite.php(34): OZMysqlite->getDb()
#3 D:\google_code\framework\db\ar\CActiveRecord.php(2288): OZMysqlite->getDbConnection()
#4 D:\google_code\framework\db\ar\CActiveRecord.php(372): CActiveRecordMetaData->__construct()
#5 D:\google_code\framework\db\ar\CActiveRecord.php(387): model()
#6 D:\google_code\framework\db\ar\CActiveRecord.php(62): OZMysqlite->getMetaData()
#7 D:\google_code\or-zero\web_root\protected\controllers\SiteController.php(25): OZMysqlite->__construct()
#8 D:\google_code\framework\web\actions\CInlineAction.php(50): SiteController->actionTest()
#9 D:\google_code\framework\web\CController.php(300): CInlineAction->runWithParams()
#10 D:\google_code\framework\web\CController.php(278): SiteController->runAction()
#11 D:\google_code\framework\web\CController.php(257): SiteController->runActionWithFilters()
#12 D:\google_code\framework\web\CWebApplication.php(277): SiteController->run()
#13 D:\google_code\framework\web\CWebApplication.php(136): CWebApplication->runController()
#14 D:\google_code\framework\base\CApplication.php(158): CWebApplication->processRequest()
#15 D:\google_code\or-zero\web_root\index.php(13): CWebApplication->run()
REQUEST_URI=/index.php?r=site/test
in D:\google_code\or-zero\web_root\protected\components\OZMysqlite.php (44)
in D:\google_code\or-zero\web_root\protected\components\OZMysqlite.php (34)
in D:\google_code\or-zero\web_root\protected\controllers\SiteController.php (25)
2011/09/23 10:32:35 [error] [exception.CDbException] exception 'CDbException' with message 'CDbConnection.connectionString cannot be empty.' in D:\google_code\framework\db\CDbConnection.php:352
Stack trace:
#0 D:\google_code\framework\db\CDbConnection.php(313): CDbConnection->open()
#1 D:\google_code\framework\db\CDbConnection.php(291): CDbConnection->setActive(true)
#2 D:\google_code\or-zero\web_root\protected\components\OZMysqlite.php(45): CDbConnection->init()
#3 D:\google_code\or-zero\web_root\protected\components\OZMysqlite.php(34): OZMysqlite->getDb()
#4 D:\google_code\framework\db\ar\CActiveRecord.php(2288): OZMysqlite->getDbConnection()
#5 D:\google_code\framework\db\ar\CActiveRecord.php(372): CActiveRecordMetaData->__construct(Object(OZMysqlite))
#6 D:\google_code\framework\db\ar\CActiveRecord.php(387): CActiveRecord::model('OZMysqlite')
#7 D:\google_code\framework\db\ar\CActiveRecord.php(62): CActiveRecord->getMetaData()
#8 D:\google_code\or-zero\web_root\protected\controllers\SiteController.php(25): CActiveRecord->__construct()
#9 D:\google_code\framework\web\actions\CInlineAction.php(50): SiteController->actionTest()
#10 D:\google_code\framework\web\CController.php(300): CInlineAction->runWithParams(Array)
#11 D:\google_code\framework\web\CController.php(278): CController->runAction(Object(CInlineAction))
#12 D:\google_code\framework\web\CController.php(257): CController->runActionWithFilters(Object(CInlineAction), Array)
#13 D:\google_code\framework\web\CWebApplication.php(277): CController->run('test')
#14 D:\google_code\framework\web\CWebApplication.php(136): CWebApplication->runController('site/test')
#15 D:\google_code\framework\base\CApplication.php(158): CWebApplication->processRequest()
#16 D:\google_code\or-zero\web_root\index.php(13): CApplication->run()
#17 {main} REQUEST_URI=/index.php?r=site/test
2011/09/23 10:55:59 [error] [exception.CDbException] exception 'CDbException' with message 'CDbConnection failed to open the DB connection: invalid data source name' in D:\google_code\framework\db\CDbConnection.php:364
Stack trace:
#0 D:\google_code\framework\db\CDbConnection.php(313): CDbConnection->open()
#1 D:\google_code\framework\db\CDbConnection.php(291): CDbConnection->setActive(true)
#2 D:\google_code\or-zero\web_root\protected\components\OZMysqlite.php(46): CDbConnection->init()
#3 D:\google_code\or-zero\web_root\protected\components\OZMysqlite.php(34): OZMysqlite->getDb()
#4 D:\google_code\framework\db\ar\CActiveRecord.php(2288): OZMysqlite->getDbConnection()
#5 D:\google_code\framework\db\ar\CActiveRecord.php(372): CActiveRecordMetaData->__construct(Object(OZMysqlite))
#6 D:\google_code\framework\db\ar\CActiveRecord.php(387): CActiveRecord::model('OZMysqlite')
#7 D:\google_code\framework\db\ar\CActiveRecord.php(62): CActiveRecord->getMetaData()
#8 D:\google_code\or-zero\web_root\protected\controllers\SiteController.php(25): CActiveRecord->__construct()
#9 D:\google_code\framework\web\actions\CInlineAction.php(50): SiteController->actionTest()
#10 D:\google_code\framework\web\CController.php(300): CInlineAction->runWithParams(Array)
#11 D:\google_code\framework\web\CController.php(278): CController->runAction(Object(CInlineAction))
#12 D:\google_code\framework\web\CController.php(257): CController->runActionWithFilters(Object(CInlineAction), Array)
#13 D:\google_code\framework\web\CWebApplication.php(277): CController->run('test')
#14 D:\google_code\framework\web\CWebApplication.php(136): CWebApplication->runController('site/test')
#15 D:\google_code\framework\base\CApplication.php(158): CWebApplication->processRequest()
#16 D:\google_code\or-zero\web_root\index.php(13): CApplication->run()
#17 {main} REQUEST_URI=/index.php?r=site/test
2011/09/23 11:12:45 [error] [exception.CException] exception 'CException' with message 'Property "CDbConnection.dbPath" is not defined.' in D:\google_code\framework\base\CComponent.php:131
Stack trace:
#0 D:\google_code\or-zero\web_root\protected\components\OZMysqlite.php(48): CComponent->__get('dbPath')
#1 D:\google_code\or-zero\web_root\protected\components\OZMysqlite.php(34): OZMysqlite->getDb()
#2 D:\google_code\framework\db\ar\CActiveRecord.php(2288): OZMysqlite->getDbConnection()
#3 D:\google_code\framework\db\ar\CActiveRecord.php(372): CActiveRecordMetaData->__construct(Object(OZMysqlite))
#4 D:\google_code\framework\db\ar\CActiveRecord.php(387): CActiveRecord::model('OZMysqlite')
#5 D:\google_code\framework\db\ar\CActiveRecord.php(62): CActiveRecord->getMetaData()
#6 D:\google_code\or-zero\web_root\protected\controllers\SiteController.php(25): CActiveRecord->__construct()
#7 D:\google_code\framework\web\actions\CInlineAction.php(50): SiteController->actionTest()
#8 D:\google_code\framework\web\CController.php(300): CInlineAction->runWithParams(Array)
#9 D:\google_code\framework\web\CController.php(278): CController->runAction(Object(CInlineAction))
#10 D:\google_code\framework\web\CController.php(257): CController->runActionWithFilters(Object(CInlineAction), Array)
#11 D:\google_code\framework\web\CWebApplication.php(277): CController->run('test')
#12 D:\google_code\framework\web\CWebApplication.php(136): CWebApplication->runController('site/test')
#13 D:\google_code\framework\base\CApplication.php(158): CWebApplication->processRequest()
#14 D:\google_code\or-zero\web_root\index.php(13): CApplication->run()
#15 {main} REQUEST_URI=/index.php?r=site/test
2011/09/23 11:14:35 [error] [exception.CDbException] exception 'CDbException' with message 'The table "OZMysqlite" for active record class "OZMysqlite" cannot be found in the database.' in D:\google_code\framework\db\ar\CActiveRecord.php:2289
Stack trace:
#0 D:\google_code\framework\db\ar\CActiveRecord.php(372): CActiveRecordMetaData->__construct(Object(OZMysqlite))
#1 D:\google_code\framework\db\ar\CActiveRecord.php(387): CActiveRecord::model('OZMysqlite')
#2 D:\google_code\framework\db\ar\CActiveRecord.php(62): CActiveRecord->getMetaData()
#3 D:\google_code\or-zero\web_root\protected\controllers\SiteController.php(25): CActiveRecord->__construct()
#4 D:\google_code\framework\web\actions\CInlineAction.php(50): SiteController->actionTest()
#5 D:\google_code\framework\web\CController.php(300): CInlineAction->runWithParams(Array)
#6 D:\google_code\framework\web\CController.php(278): CController->runAction(Object(CInlineAction))
#7 D:\google_code\framework\web\CController.php(257): CController->runActionWithFilters(Object(CInlineAction), Array)
#8 D:\google_code\framework\web\CWebApplication.php(277): CController->run('test')
#9 D:\google_code\framework\web\CWebApplication.php(136): CWebApplication->runController('site/test')
#10 D:\google_code\framework\base\CApplication.php(158): CWebApplication->processRequest()
#11 D:\google_code\or-zero\web_root\index.php(13): CApplication->run()
#12 {main} REQUEST_URI=/index.php?r=site/test
2011/09/23 11:18:08 [error] [php] include(OzeroCActiveRecord.php) [<a href='function.include'>function.include</a>]: failed to open stream: No such file or directory (D:\google_code\framework\YiiBase.php:421)
Stack trace:
#0 D:\google_code\or-zero\web_root\protected\controllers\SiteController.php(30): spl_autoload_call()
#1 D:\google_code\framework\web\actions\CInlineAction.php(50): SiteController->actionTest()
#2 D:\google_code\framework\web\CController.php(300): CInlineAction->runWithParams()
#3 D:\google_code\framework\web\CController.php(278): SiteController->runAction()
#4 D:\google_code\framework\web\CController.php(257): SiteController->runActionWithFilters()
#5 D:\google_code\framework\web\CWebApplication.php(277): SiteController->run()
#6 D:\google_code\framework\web\CWebApplication.php(136): CWebApplication->runController()
#7 D:\google_code\framework\base\CApplication.php(158): CWebApplication->processRequest()
#8 D:\google_code\or-zero\web_root\index.php(13): CWebApplication->run()
REQUEST_URI=/index.php?r=site/test
in D:\google_code\or-zero\web_root\protected\controllers\SiteController.php (30)
in D:\google_code\or-zero\web_root\index.php (13)
2011/09/23 11:19:54 [error] [php] Non-static method OZMysqlite::createCacheTable() should not be called statically, assuming $this from incompatible context (D:\google_code\or-zero\web_root\protected\controllers\SiteController.php:30)
Stack trace:
#0 D:\google_code\framework\web\CController.php(278): SiteController->runAction()
#1 D:\google_code\framework\web\CController.php(257): SiteController->runActionWithFilters()
#2 D:\google_code\framework\web\CWebApplication.php(277): SiteController->run()
#3 D:\google_code\framework\web\CWebApplication.php(136): CWebApplication->runController()
#4 D:\google_code\framework\base\CApplication.php(158): CWebApplication->processRequest()
#5 D:\google_code\or-zero\web_root\index.php(13): CWebApplication->run()
REQUEST_URI=/index.php?r=site/test
in D:\google_code\or-zero\web_root\protected\controllers\SiteController.php (30)
in D:\google_code\or-zero\web_root\index.php (13)
2011/09/23 11:20:21 [error] [php] Non-static method OZMysqlite::getDbConnection() should not be called statically (D:\google_code\or-zero\web_root\protected\components\OZMysqlite.php:54)
Stack trace:
#0 D:\google_code\framework\web\actions\CInlineAction.php(50): SiteController->actionTest()
#1 D:\google_code\framework\web\CController.php(300): CInlineAction->runWithParams()
#2 D:\google_code\framework\web\CController.php(278): SiteController->runAction()
#3 D:\google_code\framework\web\CController.php(257): SiteController->runActionWithFilters()
#4 D:\google_code\framework\web\CWebApplication.php(277): SiteController->run()
#5 D:\google_code\framework\web\CWebApplication.php(136): CWebApplication->runController()
#6 D:\google_code\framework\base\CApplication.php(158): CWebApplication->processRequest()
#7 D:\google_code\or-zero\web_root\index.php(13): CWebApplication->run()
REQUEST_URI=/index.php?r=site/test
in D:\google_code\or-zero\web_root\protected\components\OZMysqlite.php (54)
in D:\google_code\or-zero\web_root\protected\components\OZMysqlite.php (54)
in D:\google_code\or-zero\web_root\protected\controllers\SiteController.php (30)
2011/09/23 11:21:08 [error] [php] Non-static method OZMysqlite::getDbConnection() should not be called statically (D:\google_code\or-zero\web_root\protected\components\OZMysqlite.php:54)
Stack trace:
#0 D:\google_code\framework\web\actions\CInlineAction.php(50): SiteController->actionTest()
#1 D:\google_code\framework\web\CController.php(300): CInlineAction->runWithParams()
#2 D:\google_code\framework\web\CController.php(278): SiteController->runAction()
#3 D:\google_code\framework\web\CController.php(257): SiteController->runActionWithFilters()
#4 D:\google_code\framework\web\CWebApplication.php(277): SiteController->run()
#5 D:\google_code\framework\web\CWebApplication.php(136): CWebApplication->runController()
#6 D:\google_code\framework\base\CApplication.php(158): CWebApplication->processRequest()
#7 D:\google_code\or-zero\web_root\index.php(13): CWebApplication->run()
REQUEST_URI=/index.php?r=site/test
in D:\google_code\or-zero\web_root\protected\components\OZMysqlite.php (54)
in D:\google_code\or-zero\web_root\protected\components\OZMysqlite.php (54)
in D:\google_code\or-zero\web_root\protected\controllers\SiteController.php (30)
2011/09/23 11:25:37 [error] [php] Non-static method OZMysqlite::getDbConnection() should not be called statically (D:\google_code\or-zero\web_root\protected\components\OZMysqlite.php:54)
Stack trace:
#0 D:\google_code\framework\web\actions\CInlineAction.php(50): SiteController->actionTest()
#1 D:\google_code\framework\web\CController.php(300): CInlineAction->runWithParams()
#2 D:\google_code\framework\web\CController.php(278): SiteController->runAction()
#3 D:\google_code\framework\web\CController.php(257): SiteController->runActionWithFilters()
#4 D:\google_code\framework\web\CWebApplication.php(277): SiteController->run()
#5 D:\google_code\framework\web\CWebApplication.php(136): CWebApplication->runController()
#6 D:\google_code\framework\base\CApplication.php(158): CWebApplication->processRequest()
#7 D:\google_code\or-zero\web_root\index.php(13): CWebApplication->run()
REQUEST_URI=/index.php?r=site/test
in D:\google_code\or-zero\web_root\protected\components\OZMysqlite.php (54)
in D:\google_code\or-zero\web_root\protected\components\OZMysqlite.php (54)
in D:\google_code\or-zero\web_root\protected\controllers\SiteController.php (30)
2011/09/23 11:35:49 [error] [php] Non-static method OZMysqlite::getDbConnection() should not be called statically (D:\google_code\or-zero\web_root\protected\components\OZMysqlite.php:54)
Stack trace:
#0 D:\google_code\framework\web\actions\CInlineAction.php(50): SiteController->actionTest()
#1 D:\google_code\framework\web\CController.php(300): CInlineAction->runWithParams()
#2 D:\google_code\framework\web\CController.php(278): SiteController->runAction()
#3 D:\google_code\framework\web\CController.php(257): SiteController->runActionWithFilters()
#4 D:\google_code\framework\web\CWebApplication.php(277): SiteController->run()
#5 D:\google_code\framework\web\CWebApplication.php(136): CWebApplication->runController()
#6 D:\google_code\framework\base\CApplication.php(158): CWebApplication->processRequest()
#7 D:\google_code\or-zero\web_root\index.php(13): CWebApplication->run()
REQUEST_URI=/index.php?r=site/test
in D:\google_code\or-zero\web_root\protected\components\OZMysqlite.php (54)
in D:\google_code\or-zero\web_root\protected\components\OZMysqlite.php (54)
in D:\google_code\or-zero\web_root\protected\controllers\SiteController.php (30)
2011/09/23 11:39:11 [error] [exception.CException] exception 'CException' with message 'Property "SiteController._article" is not defined.' in D:\google_code\framework\base\CComponent.php:131
Stack trace:
#0 D:\google_code\or-zero\web_root\protected\controllers\SiteController.php(33): CComponent->__get('_article')
#1 D:\google_code\framework\web\actions\CInlineAction.php(50): SiteController->actionTest()
#2 D:\google_code\framework\web\CController.php(300): CInlineAction->runWithParams(Array)
#3 D:\google_code\framework\web\CController.php(278): CController->runAction(Object(CInlineAction))
#4 D:\google_code\framework\web\CController.php(257): CController->runActionWithFilters(Object(CInlineAction), Array)
#5 D:\google_code\framework\web\CWebApplication.php(277): CController->run('test')
#6 D:\google_code\framework\web\CWebApplication.php(136): CWebApplication->runController('site/test')
#7 D:\google_code\framework\base\CApplication.php(158): CWebApplication->processRequest()
#8 D:\google_code\or-zero\web_root\index.php(13): CApplication->run()
#9 {main} REQUEST_URI=/index.php?r=site/test
2011/09/23 11:43:18 [error] [exception.CDbException] exception 'CDbException' with message 'The table "OZMysqlite" for active record class "OZMysqlite" cannot be found in the database.' in D:\google_code\framework\db\ar\CActiveRecord.php:2289
Stack trace:
#0 D:\google_code\framework\db\ar\CActiveRecord.php(372): CActiveRecordMetaData->__construct(Object(OZMysqlite))
#1 D:\google_code\framework\db\ar\CActiveRecord.php(387): CActiveRecord::model('OZMysqlite')
#2 D:\google_code\framework\db\ar\CActiveRecord.php(62): CActiveRecord->getMetaData()
#3 D:\google_code\or-zero\web_root\protected\controllers\SiteController.php(42): CActiveRecord->__construct()
#4 D:\google_code\framework\web\actions\CInlineAction.php(50): SiteController->actionTest()
#5 D:\google_code\framework\web\CController.php(300): CInlineAction->runWithParams(Array)
#6 D:\google_code\framework\web\CController.php(278): CController->runAction(Object(CInlineAction))
#7 D:\google_code\framework\web\CController.php(257): CController->runActionWithFilters(Object(CInlineAction), Array)
#8 D:\google_code\framework\web\CWebApplication.php(277): CController->run('test')
#9 D:\google_code\framework\web\CWebApplication.php(136): CWebApplication->runController('site/test')
#10 D:\google_code\framework\base\CApplication.php(158): CWebApplication->processRequest()
#11 D:\google_code\or-zero\web_root\index.php(13): CApplication->run()
#12 {main} REQUEST_URI=/index.php?r=site/test
