2011/09/23 12:39:54 [error] [exception.CDbException] exception 'CDbException' with message 'The table "OZMysqlite" for active record class "OZMysqlite" cannot be found in the database.' in C:\Users\xami\Desktop\web\git\framework\db\ar\CActiveRecord.php:2289
Stack trace:
#0 C:\Users\xami\Desktop\web\git\framework\db\ar\CActiveRecord.php(372): CActiveRecordMetaData->__construct(Object(OZMysqlite))
#1 C:\Users\xami\Desktop\web\git\framework\db\ar\CActiveRecord.php(387): CActiveRecord::model('OZMysqlite')
#2 C:\Users\xami\Desktop\web\git\framework\db\ar\CActiveRecord.php(62): CActiveRecord->getMetaData()
#3 C:\Users\xami\Desktop\web\git\or-zero\web_root\protected\controllers\SiteController.php(25): CActiveRecord->__construct()
#4 C:\Users\xami\Desktop\web\git\framework\web\actions\CInlineAction.php(50): SiteController->actionTest()
#5 C:\Users\xami\Desktop\web\git\framework\web\CController.php(300): CInlineAction->runWithParams(Array)
#6 C:\Users\xami\Desktop\web\git\framework\web\CController.php(278): CController->runAction(Object(CInlineAction))
#7 C:\Users\xami\Desktop\web\git\framework\web\CController.php(257): CController->runActionWithFilters(Object(CInlineAction), Array)
#8 C:\Users\xami\Desktop\web\git\framework\web\CWebApplication.php(277): CController->run('test')
#9 C:\Users\xami\Desktop\web\git\framework\web\CWebApplication.php(136): CWebApplication->runController('site/test')
#10 C:\Users\xami\Desktop\web\git\framework\base\CApplication.php(158): CWebApplication->processRequest()
#11 C:\Users\xami\Desktop\web\git\or-zero\web_root\index.php(13): CApplication->run()
#12 {main} REQUEST_URI=/index.php?r=site/test
2011/09/23 12:40:29 [error] [exception.CDbException] exception 'CDbException' with message 'The table "OZMysqlite" for active record class "OZMysqlite" cannot be found in the database.' in C:\Users\xami\Desktop\web\git\framework\db\ar\CActiveRecord.php:2289
Stack trace:
#0 C:\Users\xami\Desktop\web\git\framework\db\ar\CActiveRecord.php(372): CActiveRecordMetaData->__construct(Object(OZMysqlite))
#1 C:\Users\xami\Desktop\web\git\framework\db\ar\CActiveRecord.php(387): CActiveRecord::model('OZMysqlite')
#2 C:\Users\xami\Desktop\web\git\framework\db\ar\CActiveRecord.php(62): CActiveRecord->getMetaData()
#3 C:\Users\xami\Desktop\web\git\or-zero\web_root\protected\controllers\SiteController.php(25): CActiveRecord->__construct()
#4 C:\Users\xami\Desktop\web\git\framework\web\actions\CInlineAction.php(50): SiteController->actionTest()
#5 C:\Users\xami\Desktop\web\git\framework\web\CController.php(300): CInlineAction->runWithParams(Array)
#6 C:\Users\xami\Desktop\web\git\framework\web\CController.php(278): CController->runAction(Object(CInlineAction))
#7 C:\Users\xami\Desktop\web\git\framework\web\CController.php(257): CController->runActionWithFilters(Object(CInlineAction), Array)
#8 C:\Users\xami\Desktop\web\git\framework\web\CWebApplication.php(277): CController->run('test')
#9 C:\Users\xami\Desktop\web\git\framework\web\CWebApplication.php(136): CWebApplication->runController('site/test')
#10 C:\Users\xami\Desktop\web\git\framework\base\CApplication.php(158): CWebApplication->processRequest()
#11 C:\Users\xami\Desktop\web\git\or-zero\web_root\index.php(13): CApplication->run()
#12 {main} REQUEST_URI=/index.php?r=site/test
2011/09/23 12:41:39 [error] [exception.CDbException] exception 'CDbException' with message 'The table "OZMysqlite" for active record class "OZMysqlite" cannot be found in the database.' in C:\Users\xami\Desktop\web\git\framework\db\ar\CActiveRecord.php:2289
Stack trace:
#0 C:\Users\xami\Desktop\web\git\framework\db\ar\CActiveRecord.php(372): CActiveRecordMetaData->__construct(Object(OZMysqlite))
#1 C:\Users\xami\Desktop\web\git\framework\db\ar\CActiveRecord.php(387): CActiveRecord::model('OZMysqlite')
#2 C:\Users\xami\Desktop\web\git\framework\db\ar\CActiveRecord.php(62): CActiveRecord->getMetaData()
#3 C:\Users\xami\Desktop\web\git\or-zero\web_root\protected\controllers\SiteController.php(25): CActiveRecord->__construct()
#4 C:\Users\xami\Desktop\web\git\framework\web\actions\CInlineAction.php(50): SiteController->actionTest()
#5 C:\Users\xami\Desktop\web\git\framework\web\CController.php(300): CInlineAction->runWithParams(Array)
#6 C:\Users\xami\Desktop\web\git\framework\web\CController.php(278): CController->runAction(Object(CInlineAction))
#7 C:\Users\xami\Desktop\web\git\framework\web\CController.php(257): CController->runActionWithFilters(Object(CInlineAction), Array)
#8 C:\Users\xami\Desktop\web\git\framework\web\CWebApplication.php(277): CController->run('test')
#9 C:\Users\xami\Desktop\web\git\framework\web\CWebApplication.php(136): CWebApplication->runController('site/test')
#10 C:\Users\xami\Desktop\web\git\framework\base\CApplication.php(158): CWebApplication->processRequest()
#11 C:\Users\xami\Desktop\web\git\or-zero\web_root\index.php(13): CApplication->run()
#12 {main} REQUEST_URI=/index.php?r=site/test
2011/09/23 13:21:23 [error] [exception.CException] exception 'CException' with message 'OZDB set the dbpath first.' in C:\Users\xami\Desktop\web\git\or-zero\web_root\protected\components\OZMysqlite.php:59
Stack trace:
#0 C:\Users\xami\Desktop\web\git\or-zero\web_root\protected\components\OZMysqlite.php(34): OZMysqlite->getDb()
#1 C:\Users\xami\Desktop\web\git\framework\db\ar\CActiveRecord.php(2288): OZMysqlite->getDbConnection()
#2 C:\Users\xami\Desktop\web\git\framework\db\ar\CActiveRecord.php(372): CActiveRecordMetaData->__construct(Object(P))
#3 C:\Users\xami\Desktop\web\git\framework\db\ar\CActiveRecord.php(387): CActiveRecord::model('P')
#4 C:\Users\xami\Desktop\web\git\framework\db\ar\CActiveRecord.php(62): CActiveRecord->getMetaData()
#5 C:\Users\xami\Desktop\web\git\or-zero\web_root\protected\controllers\SiteController.php(25): CActiveRecord->__construct()
#6 C:\Users\xami\Desktop\web\git\framework\web\actions\CInlineAction.php(50): SiteController->actionTest()
#7 C:\Users\xami\Desktop\web\git\framework\web\CController.php(300): CInlineAction->runWithParams(Array)
#8 C:\Users\xami\Desktop\web\git\framework\web\CController.php(278): CController->runAction(Object(CInlineAction))
#9 C:\Users\xami\Desktop\web\git\framework\web\CController.php(257): CController->runActionWithFilters(Object(CInlineAction), Array)
#10 C:\Users\xami\Desktop\web\git\framework\web\CWebApplication.php(277): CController->run('test')
#11 C:\Users\xami\Desktop\web\git\framework\web\CWebApplication.php(136): CWebApplication->runController('site/test')
#12 C:\Users\xami\Desktop\web\git\framework\base\CApplication.php(158): CWebApplication->processRequest()
#13 C:\Users\xami\Desktop\web\git\or-zero\web_root\index.php(13): CApplication->run()
#14 {main} REQUEST_URI=/index.php?r=site/test
2011/09/23 13:22:43 [error] [php] Missing argument 1 for OZMysqlite::setDbPath(), called in C:\Users\xami\Desktop\web\git\or-zero\web_root\protected\controllers\SiteController.php on line 25 and defined (C:\Users\xami\Desktop\web\git\or-zero\web_root\protected\components\OZMysqlite.php:42)
Stack trace:
#0 C:\Users\xami\Desktop\web\git\framework\web\CController.php(300): CInlineAction->runWithParams()
#1 C:\Users\xami\Desktop\web\git\framework\web\CController.php(278): SiteController->runAction()
#2 C:\Users\xami\Desktop\web\git\framework\web\CController.php(257): SiteController->runActionWithFilters()
#3 C:\Users\xami\Desktop\web\git\framework\web\CWebApplication.php(277): SiteController->run()
#4 C:\Users\xami\Desktop\web\git\framework\web\CWebApplication.php(136): CWebApplication->runController()
#5 C:\Users\xami\Desktop\web\git\framework\base\CApplication.php(158): CWebApplication->processRequest()
#6 C:\Users\xami\Desktop\web\git\or-zero\web_root\index.php(13): CWebApplication->run()
REQUEST_URI=/index.php?r=site/test
in C:\Users\xami\Desktop\web\git\or-zero\web_root\protected\components\OZMysqlite.php (42)
in C:\Users\xami\Desktop\web\git\or-zero\web_root\protected\controllers\SiteController.php (25)
in C:\Users\xami\Desktop\web\git\or-zero\web_root\index.php (13)
2011/09/23 13:25:19 [error] [exception.CException] exception 'CException' with message 'OZDB can not create the dbpath.' in C:\Users\xami\Desktop\web\git\or-zero\web_root\protected\components\OZMysqlite.php:48
Stack trace:
#0 C:\Users\xami\Desktop\web\git\or-zero\web_root\protected\controllers\SiteController.php(25): OZMysqlite->setDbPath('sqlite:C:\Users...')
#1 C:\Users\xami\Desktop\web\git\framework\web\actions\CInlineAction.php(50): SiteController->actionTest()
#2 C:\Users\xami\Desktop\web\git\framework\web\CController.php(300): CInlineAction->runWithParams(Array)
#3 C:\Users\xami\Desktop\web\git\framework\web\CController.php(278): CController->runAction(Object(CInlineAction))
#4 C:\Users\xami\Desktop\web\git\framework\web\CController.php(257): CController->runActionWithFilters(Object(CInlineAction), Array)
#5 C:\Users\xami\Desktop\web\git\framework\web\CWebApplication.php(277): CController->run('test')
#6 C:\Users\xami\Desktop\web\git\framework\web\CWebApplication.php(136): CWebApplication->runController('site/test')
#7 C:\Users\xami\Desktop\web\git\framework\base\CApplication.php(158): CWebApplication->processRequest()
#8 C:\Users\xami\Desktop\web\git\or-zero\web_root\index.php(13): CApplication->run()
#9 {main} REQUEST_URI=/index.php?r=site/test
2011/09/23 13:25:40 [error] [exception.CException] exception 'CException' with message 'OZDB can not create the dbpath.' in C:\Users\xami\Desktop\web\git\or-zero\web_root\protected\components\OZMysqlite.php:48
Stack trace:
#0 C:\Users\xami\Desktop\web\git\or-zero\web_root\protected\controllers\SiteController.php(25): OZMysqlite->setDbPath('sqlite:C:\Users...')
#1 C:\Users\xami\Desktop\web\git\framework\web\actions\CInlineAction.php(50): SiteController->actionTest()
#2 C:\Users\xami\Desktop\web\git\framework\web\CController.php(300): CInlineAction->runWithParams(Array)
#3 C:\Users\xami\Desktop\web\git\framework\web\CController.php(278): CController->runAction(Object(CInlineAction))
#4 C:\Users\xami\Desktop\web\git\framework\web\CController.php(257): CController->runActionWithFilters(Object(CInlineAction), Array)
#5 C:\Users\xami\Desktop\web\git\framework\web\CWebApplication.php(277): CController->run('test')
#6 C:\Users\xami\Desktop\web\git\framework\web\CWebApplication.php(136): CWebApplication->runController('site/test')
#7 C:\Users\xami\Desktop\web\git\framework\base\CApplication.php(158): CWebApplication->processRequest()
#8 C:\Users\xami\Desktop\web\git\or-zero\web_root\index.php(13): CApplication->run()
#9 {main} REQUEST_URI=/index.php?r=site/test
2011/09/23 13:30:21 [error] [exception.CException] exception 'CException' with message 'Property "CDbConnection.path" is not defined.' in C:\Users\xami\Desktop\web\git\framework\base\CComponent.php:174
Stack trace:
#0 C:\Users\xami\Desktop\web\git\framework\YiiBase.php(225): CComponent->__set('path', 'C:\Users\xami\D...')
#1 C:\Users\xami\Desktop\web\git\or-zero\web_root\protected\components\OZMysqlite.php(56): YiiBase::createComponent(Array)
#2 C:\Users\xami\Desktop\web\git\or-zero\web_root\protected\components\OZMysqlite.php(34): OZMysqlite->getDb()
#3 C:\Users\xami\Desktop\web\git\framework\db\ar\CActiveRecord.php(2288): OZMysqlite->getDbConnection()
#4 C:\Users\xami\Desktop\web\git\framework\db\ar\CActiveRecord.php(372): CActiveRecordMetaData->__construct(Object(P))
#5 C:\Users\xami\Desktop\web\git\framework\db\ar\CActiveRecord.php(387): CActiveRecord::model('P')
#6 C:\Users\xami\Desktop\web\git\framework\db\ar\CActiveRecord.php(62): CActiveRecord->getMetaData()
#7 C:\Users\xami\Desktop\web\git\or-zero\web_root\protected\controllers\SiteController.php(26): CActiveRecord->__construct()
#8 C:\Users\xami\Desktop\web\git\framework\web\actions\CInlineAction.php(50): SiteController->actionTest()
#9 C:\Users\xami\Desktop\web\git\framework\web\CController.php(300): CInlineAction->runWithParams(Array)
#10 C:\Users\xami\Desktop\web\git\framework\web\CController.php(278): CController->runAction(Object(CInlineAction))
#11 C:\Users\xami\Desktop\web\git\framework\web\CController.php(257): CController->runActionWithFilters(Object(CInlineAction), Array)
#12 C:\Users\xami\Desktop\web\git\framework\web\CWebApplication.php(277): CController->run('test')
#13 C:\Users\xami\Desktop\web\git\framework\web\CWebApplication.php(136): CWebApplication->runController('site/test')
#14 C:\Users\xami\Desktop\web\git\framework\base\CApplication.php(158): CWebApplication->processRequest()
#15 C:\Users\xami\Desktop\web\git\or-zero\web_root\index.php(13): CApplication->run()
#16 {main} REQUEST_URI=/index.php?r=site/test
2011/09/23 13:33:40 [error] [exception.CDbException] exception 'CDbException' with message 'The table "p" for active record class "P" cannot be found in the database.' in C:\Users\xami\Desktop\web\git\framework\db\ar\CActiveRecord.php:2289
Stack trace:
#0 C:\Users\xami\Desktop\web\git\framework\db\ar\CActiveRecord.php(372): CActiveRecordMetaData->__construct(Object(P))
#1 C:\Users\xami\Desktop\web\git\framework\db\ar\CActiveRecord.php(387): CActiveRecord::model('P')
#2 C:\Users\xami\Desktop\web\git\framework\db\ar\CActiveRecord.php(62): CActiveRecord->getMetaData()
#3 C:\Users\xami\Desktop\web\git\or-zero\web_root\protected\controllers\SiteController.php(26): CActiveRecord->__construct()
#4 C:\Users\xami\Desktop\web\git\framework\web\actions\CInlineAction.php(50): SiteController->actionTest()
#5 C:\Users\xami\Desktop\web\git\framework\web\CController.php(300): CInlineAction->runWithParams(Array)
#6 C:\Users\xami\Desktop\web\git\framework\web\CController.php(278): CController->runAction(Object(CInlineAction))
#7 C:\Users\xami\Desktop\web\git\framework\web\CController.php(257): CController->runActionWithFilters(Object(CInlineAction), Array)
#8 C:\Users\xami\Desktop\web\git\framework\web\CWebApplication.php(277): CController->run('test')
#9 C:\Users\xami\Desktop\web\git\framework\web\CWebApplication.php(136): CWebApplication->runController('site/test')
#10 C:\Users\xami\Desktop\web\git\framework\base\CApplication.php(158): CWebApplication->processRequest()
#11 C:\Users\xami\Desktop\web\git\or-zero\web_root\index.php(13): CApplication->run()
#12 {main} REQUEST_URI=/index.php?r=site/test
2011/09/23 14:06:43 [error] [php] include(Snoopy.php) [<a href='function.include'>function.include</a>]: failed to open stream: No such file or directory (C:\Users\xami\Desktop\web\git\framework\YiiBase.php:421)
Stack trace:
#0 C:\Users\xami\Desktop\web\git\or-zero\web_root\protected\components\Tools.php(10): spl_autoload_call()
#1 C:\Users\xami\Desktop\web\git\or-zero\web_root\protected\controllers\SiteController.php(44): SiteController->OZSnoopy()
#2 C:\Users\xami\Desktop\web\git\framework\web\actions\CInlineAction.php(50): SiteController->actionBW()
#3 C:\Users\xami\Desktop\web\git\framework\web\CController.php(300): CInlineAction->runWithParams()
#4 C:\Users\xami\Desktop\web\git\framework\web\CController.php(278): SiteController->runAction()
#5 C:\Users\xami\Desktop\web\git\framework\web\CController.php(257): SiteController->runActionWithFilters()
#6 C:\Users\xami\Desktop\web\git\framework\web\CWebApplication.php(277): SiteController->run()
#7 C:\Users\xami\Desktop\web\git\framework\web\CWebApplication.php(136): CWebApplication->runController()
#8 C:\Users\xami\Desktop\web\git\framework\base\CApplication.php(158): CWebApplication->processRequest()
#9 C:\Users\xami\Desktop\web\git\or-zero\web_root\index.php(13): CWebApplication->run()
REQUEST_URI=/index.php?r=site/bw
in C:\Users\xami\Desktop\web\git\or-zero\web_root\protected\components\Tools.php (10)
in C:\Users\xami\Desktop\web\git\or-zero\web_root\protected\controllers\SiteController.php (44)
in C:\Users\xami\Desktop\web\git\or-zero\web_root\index.php (13)
2011/09/23 14:09:48 [error] [exception.CException] exception 'CException' with message 'Property "SiteController.result" is not defined.' in C:\Users\xami\Desktop\web\git\framework\base\CComponent.php:174
Stack trace:
#0 C:\Users\xami\Desktop\web\git\or-zero\web_root\protected\components\Tools.php(27): CComponent->__set('result', false)
#1 C:\Users\xami\Desktop\web\git\or-zero\web_root\protected\controllers\SiteController.php(44): Tools->OZSnoopy('http://beva.fm/...', Array)
#2 C:\Users\xami\Desktop\web\git\framework\web\actions\CInlineAction.php(50): SiteController->actionBW()
#3 C:\Users\xami\Desktop\web\git\framework\web\CController.php(300): CInlineAction->runWithParams(Array)
#4 C:\Users\xami\Desktop\web\git\framework\web\CController.php(278): CController->runAction(Object(CInlineAction))
#5 C:\Users\xami\Desktop\web\git\framework\web\CController.php(257): CController->runActionWithFilters(Object(CInlineAction), Array)
#6 C:\Users\xami\Desktop\web\git\framework\web\CWebApplication.php(277): CController->run('bw')
#7 C:\Users\xami\Desktop\web\git\framework\web\CWebApplication.php(136): CWebApplication->runController('site/bw')
#8 C:\Users\xami\Desktop\web\git\framework\base\CApplication.php(158): CWebApplication->processRequest()
#9 C:\Users\xami\Desktop\web\git\or-zero\web_root\index.php(13): CApplication->run()
#10 {main} REQUEST_URI=/index.php?r=site/bw
2011/09/23 14:24:00 [error] [php] Missing argument 1 for Tools::OZSnoopy(), called in C:\Users\xami\Desktop\web\git\or-zero\web_root\protected\controllers\SiteController.php on line 46 and defined (C:\Users\xami\Desktop\web\git\or-zero\web_root\protected\components\Tools.php:7)
Stack trace:
#0 C:\Users\xami\Desktop\web\git\framework\web\CController.php(300): CInlineAction->runWithParams()
#1 C:\Users\xami\Desktop\web\git\framework\web\CController.php(278): SiteController->runAction()
#2 C:\Users\xami\Desktop\web\git\framework\web\CController.php(257): SiteController->runActionWithFilters()
#3 C:\Users\xami\Desktop\web\git\framework\web\CWebApplication.php(277): SiteController->run()
#4 C:\Users\xami\Desktop\web\git\framework\web\CWebApplication.php(136): CWebApplication->runController()
#5 C:\Users\xami\Desktop\web\git\framework\base\CApplication.php(158): CWebApplication->processRequest()
#6 C:\Users\xami\Desktop\web\git\or-zero\web_root\index.php(13): CWebApplication->run()
REQUEST_URI=/index.php?r=site/bw
in C:\Users\xami\Desktop\web\git\or-zero\web_root\protected\components\Tools.php (7)
in C:\Users\xami\Desktop\web\git\or-zero\web_root\protected\controllers\SiteController.php (46)
in C:\Users\xami\Desktop\web\git\or-zero\web_root\index.php (13)
2011/09/24 08:28:26 [error] [exception.CHttpException.404] exception 'CHttpException' with message 'Unable to resolve the request "gii".' in C:\Users\xami\Desktop\web\git\framework\web\CWebApplication.php:281
Stack trace:
#0 C:\Users\xami\Desktop\web\git\framework\web\CWebApplication.php(136): CWebApplication->runController('gii')
#1 C:\Users\xami\Desktop\web\git\framework\base\CApplication.php(158): CWebApplication->processRequest()
#2 C:\Users\xami\Desktop\web\git\or-zero\web_root\index.php(13): CApplication->run()
#3 {main} REQUEST_URI=/index.php?r=gii
